Using pre-set license
Built from '2020.3/staging' branch; Version is '2020.3.20f1 (41c4e627c95f) revision 4310246'; Using compiler version '192528614'; Build Type 'Release'
OS: 'Windows 10 Home Single Language; OS build 22000.434; Version 2009; 64bit' Language: 'en' Physical Memory: 8014 MB
BatchMode: 1, IsHumanControllingUs: 0, StartBugReporterOnCrash: 0, Is64bit: 1, IsPro: 0

COMMAND LINE ARGUMENTS:
C:\Program Files\Unity\Hub\Editor\2020.3.20f1\Editor\Unity.exe
-adb2
-batchMode
-noUpm
-name
AssetImportWorker0
-projectPath
E:/UNITY/Sky-Wars/SkyWars
-logFile
Logs/AssetImportWorker0.log
-srvPort
59710
Successfully changed project path to: E:/UNITY/Sky-Wars/SkyWars
E:/UNITY/Sky-Wars/SkyWars
Using Asset Import Pipeline V2.
Refreshing native plugins compatible for Editor in 199.67 ms, found 3 plugins.
Preloading 0 native plugins for Editor in 0.00 ms.
Initialize engine version: 2020.3.20f1 (41c4e627c95f)
[Subsystems] Discovering subsystems at path C:/Program Files/Unity/Hub/Editor/2020.3.20f1/Editor/Data/Resources/UnitySubsystems
[Subsystems] Discovering subsystems at path E:/UNITY/Sky-Wars/SkyWars/Assets
GfxDevice: creating device client; threaded=0
Direct3D:
    Version:  Direct3D 11.0 [level 11.1]
    Renderer: Intel(R) UHD Graphics 600 (ID=0x3185)
    Vendor:   
    VRAM:     4007 MB
    Driver:   27.20.100.8729
Initialize mono
Mono path[0] = 'C:/Program Files/Unity/Hub/Editor/2020.3.20f1/Editor/Data/Managed'
Mono path[1] = 'C:/Program Files/Unity/Hub/Editor/2020.3.20f1/Editor/Data/MonoBleedingEdge/lib/mono/unityjit'
Mono config path = 'C:/Program Files/Unity/Hub/Editor/2020.3.20f1/Editor/Data/MonoBleedingEdge/etc'
Using monoOptions --debugger-agent=transport=dt_socket,embedding=1,server=y,suspend=n,address=127.0.0.1:56424
Begin MonoManager ReloadAssembly
Registering precompiled unity dll's ...
Register platform support module: C:/Program Files/Unity/Hub/Editor/2020.3.20f1/Editor/Data/PlaybackEngines/WebGLSupport/UnityEditor.WebGL.Extensions.dll
Register platform support module: C:/Program Files/Unity/Hub/Editor/2020.3.20f1/Editor/Data/PlaybackEngines/MacStandaloneSupport/UnityEditor.OSXStandalone.Extensions.dll
Register platform support module: C:/Program Files/Unity/Hub/Editor/2020.3.20f1/Editor/Data/PlaybackEngines/WindowsStandaloneSupport/UnityEditor.WindowsStandalone.Extensions.dll
Registered in 0.006533 seconds.
Native extension for WindowsStandalone target not found
Native extension for OSXStandalone target not found
Native extension for WebGL target not found
Refreshing native plugins compatible for Editor in 138.58 ms, found 3 plugins.
Preloading 0 native plugins for Editor in 0.00 ms.
Mono: successfully reloaded assembly
- Completed reload, in  3.259 seconds
Domain Reload Profiling:
	ReloadAssembly (3260ms)
		BeginReloadAssembly (144ms)
			ExecutionOrderSort (0ms)
			DisableScriptedObjects (0ms)
			BackupInstance (0ms)
			ReleaseScriptingObjects (0ms)
			CreateAndSetChildDomain (2ms)
		EndReloadAssembly (1134ms)
			LoadAssemblies (139ms)
			RebuildTransferFunctionScriptingTraits (0ms)
			SetupTypeCache (402ms)
			ReleaseScriptCaches (0ms)
			RebuildScriptCaches (81ms)
			SetupLoadedEditorAssemblies (475ms)
				LogAssemblyErrors (0ms)
				InitializePlatformSupportModulesInManaged (13ms)
				SetLoadedEditorAssemblies (1ms)
				RefreshPlugins (139ms)
				BeforeProcessingInitializeOnLoad (39ms)
				ProcessInitializeOnLoadAttributes (200ms)
				ProcessInitializeOnLoadMethodAttributes (83ms)
				AfterProcessingInitializeOnLoad (0ms)
				EditorAssembliesLoaded (0ms)
			ExecutionOrderSort2 (0ms)
			AwakeInstancesAfterBackupRestoration (0ms)
Platform modules already initialized, skipping
Registering precompiled user dll's ...
Registered in 0.008978 seconds.
Begin MonoManager ReloadAssembly
Native extension for WindowsStandalone target not found
Native extension for OSXStandalone target not found
Native extension for WebGL target not found
Refreshing native plugins compatible for Editor in 135.80 ms, found 3 plugins.
Preloading 0 native plugins for Editor in 0.00 ms.
Mono: successfully reloaded assembly
- Completed reload, in  3.663 seconds
Domain Reload Profiling:
	ReloadAssembly (3665ms)
		BeginReloadAssembly (373ms)
			ExecutionOrderSort (0ms)
			DisableScriptedObjects (12ms)
			BackupInstance (0ms)
			ReleaseScriptingObjects (0ms)
			CreateAndSetChildDomain (43ms)
		EndReloadAssembly (3129ms)
			LoadAssemblies (236ms)
			RebuildTransferFunctionScriptingTraits (0ms)
			SetupTypeCache (818ms)
			ReleaseScriptCaches (1ms)
			RebuildScriptCaches (131ms)
			SetupLoadedEditorAssemblies (1665ms)
				LogAssemblyErrors (0ms)
				InitializePlatformSupportModulesInManaged (13ms)
				SetLoadedEditorAssemblies (0ms)
				RefreshPlugins (136ms)
				BeforeProcessingInitializeOnLoad (208ms)
				ProcessInitializeOnLoadAttributes (1260ms)
				ProcessInitializeOnLoadMethodAttributes (33ms)
				AfterProcessingInitializeOnLoad (13ms)
				EditorAssembliesLoaded (0ms)
			ExecutionOrderSort2 (0ms)
			AwakeInstancesAfterBackupRestoration (15ms)
Platform modules already initialized, skipping
========================================================================
Worker process is ready to serve import requests
Launched and connected shader compiler UnityShaderCompiler.exe after 0.22 seconds
Refreshing native plugins compatible for Editor in 1.71 ms, found 3 plugins.
Preloading 0 native plugins for Editor in 0.00 ms.
Unloading 2412 Unused Serialized files (Serialized files now loaded: 0)
System memory in use before: 104.8 MB.
System memory in use after: 105.0 MB.

Unloading 28 unused Assets to reduce memory usage. Loaded Objects now: 2853.
Total: 9.778500 ms (FindLiveObjects: 0.889200 ms CreateObjectMapping: 0.313900 ms MarkObjects: 8.402700 ms  DeleteObjects: 0.168800 ms)

AssetImportParameters requested are different than current active one (requested -> active):
  custom:framework-win-MediaFoundation: 216162199b28c13a410421893ffa2e32 -> 
  custom:video-decoder-ogg-theora: a1e56fd34408186e4bbccfd4996cb3dc -> 
  custom:container-muxer-webm: aa71ff27fc2769a1b78a27578f13a17b -> 
  custom:container-demuxer-webm: 4f35f7cbe854078d1ac9338744f61a02 -> 
  custom:container-demuxer-ogg: 62fdf1f143b41e24485cea50d1cbac27 -> 
  custom:video-encoder-webm-vp8: eb34c28f22e8b96e1ab97ce403110664 -> 
  custom:video-codec-MediaFoundation-h265: 746d11721c4dcdbdad8f713fa42b33f4 -> 
  custom:video-decoder-webm-vp8: 9c59270c3fd7afecdb556c50c9e8de78 -> 
  custom:audio-decoder-ogg-vorbis: bf7c407c2cedff20999df2af8eb42d56 -> 
  custom:audio-encoder-webm-vorbis: bf7c407c2cedff20999df2af8eb42d56 -> 
========================================================================
Received Import Request.
  path: Assets/Scenes/MainMenu.unity
  artifactKey: Guid(0c453b4ace4560048b38c2c7d631cda0) Importer(815301076,1909f56bfc062723c751e8b465ee728b)
Start importing Assets/Scenes/MainMenu.unity using Guid(0c453b4ace4560048b38c2c7d631cda0) Importer(815301076,1909f56bfc062723c751e8b465ee728b)  -> (artifact id: '2bc7c33d9833e9188ace31030a0f1642') in 0.099422 seconds 
  Import took 0.107453 seconds .

========================================================================
Received Import Request.
  Time since last request: 0.000436 seconds.
  path: Assets/Scenes/SampleScene.unity
  artifactKey: Guid(2cda990e2423bbf4892e6590ba056729) Importer(815301076,1909f56bfc062723c751e8b465ee728b)
Start importing Assets/Scenes/SampleScene.unity using Guid(2cda990e2423bbf4892e6590ba056729) Importer(815301076,1909f56bfc062723c751e8b465ee728b)  -> (artifact id: 'aa27944bdea339c97c39027c7eea529c') in 0.022780 seconds 
  Import took 0.031699 seconds .

========================================================================
Received Import Request.
  Time since last request: 0.365906 seconds.
  path: Assets/Scripts
  artifactKey: Guid(020012e1a098c31488167bd98827db0a) Importer(815301076,1909f56bfc062723c751e8b465ee728b)
Start importing Assets/Scripts using Guid(020012e1a098c31488167bd98827db0a) Importer(815301076,1909f56bfc062723c751e8b465ee728b)  -> (artifact id: '6cacd0b53881c9db681dac8fcc86ebe7') in 0.017167 seconds 
  Import took 0.028497 seconds .

========================================================================
Received Import Request.
  Time since last request: 16.853869 seconds.
  path: Assets/Prefabs/UI/MainMenu.prefab
  artifactKey: Guid(395330b6cfb66f246a4c7682cf797c5e) Importer(815301076,1909f56bfc062723c751e8b465ee728b)
Start importing Assets/Prefabs/UI/MainMenu.prefab using Guid(395330b6cfb66f246a4c7682cf797c5e) Importer(815301076,1909f56bfc062723c751e8b465ee728b)  -> (artifact id: '8302ea0662b6888a604804c0c5375442') in 0.245763 seconds 
  Import took 0.255818 seconds .

========================================================================
Received Import Request.
  Time since last request: 516.657380 seconds.
  path: Assets/Art/SBS - Seamless Space Backgrounds - Small 512x512/Small 512x512/Green Nebula/Green Nebula 1 - 512x512.png
  artifactKey: Guid(0836831fc5a9d0a408b39a8fae80ae7c) Importer(815301076,1909f56bfc062723c751e8b465ee728b)
Start importing Assets/Art/SBS - Seamless Space Backgrounds - Small 512x512/Small 512x512/Green Nebula/Green Nebula 1 - 512x512.png using Guid(0836831fc5a9d0a408b39a8fae80ae7c) Importer(815301076,1909f56bfc062723c751e8b465ee728b)  -> (artifact id: '76d73f78f4294718f2990864aa42fb8b') in 0.285486 seconds 
  Import took 0.299209 seconds .

========================================================================
Received Import Request.
  Time since last request: 0.019431 seconds.
  path: Assets/Art/SBS - Seamless Space Backgrounds - Small 512x512/Small 512x512/Green Nebula/Green Nebula 3 - 512x512.png
  artifactKey: Guid(1deb69aa5da26964494eef1f0141b4e6) Importer(815301076,1909f56bfc062723c751e8b465ee728b)
Start importing Assets/Art/SBS - Seamless Space Backgrounds - Small 512x512/Small 512x512/Green Nebula/Green Nebula 3 - 512x512.png using Guid(1deb69aa5da26964494eef1f0141b4e6) Importer(815301076,1909f56bfc062723c751e8b465ee728b)  -> (artifact id: '8f6f3d224307a9c4fc98106cbf5fccf9') in 0.108079 seconds 
  Import took 0.116121 seconds .

========================================================================
Received Import Request.
  Time since last request: 0.487289 seconds.
  path: Assets/Art/SBS - Seamless Space Backgrounds - Small 512x512/Small 512x512/Green Nebula/Green Nebula 8 - 512x512.png
  artifactKey: Guid(797aa7a0b33ed7a47ac50e762cd8a4c3) Importer(815301076,1909f56bfc062723c751e8b465ee728b)
Start importing Assets/Art/SBS - Seamless Space Backgrounds - Small 512x512/Small 512x512/Green Nebula/Green Nebula 8 - 512x512.png using Guid(797aa7a0b33ed7a47ac50e762cd8a4c3) Importer(815301076,1909f56bfc062723c751e8b465ee728b)  -> (artifact id: '2421214e91a12f34b0efc46c07eca48b') in 0.049164 seconds 
  Import took 0.057756 seconds .

========================================================================
Received Import Request.
  Time since last request: 0.656955 seconds.
  path: Assets/Art/SBS - Seamless Space Backgrounds - Small 512x512/Small 512x512/Green Nebula/Green Nebula 6 - 512x512.png
  artifactKey: Guid(6ccaad57dc607f94a826ab0ec6fcbc6d) Importer(815301076,1909f56bfc062723c751e8b465ee728b)
Start importing Assets/Art/SBS - Seamless Space Backgrounds - Small 512x512/Small 512x512/Green Nebula/Green Nebula 6 - 512x512.png using Guid(6ccaad57dc607f94a826ab0ec6fcbc6d) Importer(815301076,1909f56bfc062723c751e8b465ee728b)  -> (artifact id: 'c8b493d390279e404d001a2a924948b5') in 0.158784 seconds 
  Import took 0.174454 seconds .

========================================================================
Received Import Request.
  Time since last request: 0.582899 seconds.
  path: Assets/Art/SBS - Seamless Space Backgrounds - Small 512x512/Small 512x512/Green Nebula/Green Nebula 5 - 512x512.png
  artifactKey: Guid(164dbef6b3ae3584aaf66040d60b7925) Importer(815301076,1909f56bfc062723c751e8b465ee728b)
Start importing Assets/Art/SBS - Seamless Space Backgrounds - Small 512x512/Small 512x512/Green Nebula/Green Nebula 5 - 512x512.png using Guid(164dbef6b3ae3584aaf66040d60b7925) Importer(815301076,1909f56bfc062723c751e8b465ee728b)  -> (artifact id: '0f85f056a7f74ae560bce5061e406fe8') in 0.043295 seconds 
  Import took 0.050921 seconds .

========================================================================
Received Import Request.
  Time since last request: 1.412966 seconds.
  path: Assets/Art/SBS - Seamless Space Backgrounds - Small 512x512/Small 512x512/Green Nebula/Green Nebula 2 - 512x512.png
  artifactKey: Guid(80475391513dfb8468634d55afb05d97) Importer(815301076,1909f56bfc062723c751e8b465ee728b)
Start importing Assets/Art/SBS - Seamless Space Backgrounds - Small 512x512/Small 512x512/Green Nebula/Green Nebula 2 - 512x512.png using Guid(80475391513dfb8468634d55afb05d97) Importer(815301076,1909f56bfc062723c751e8b465ee728b)  -> (artifact id: 'f0bab3ce93981ff5e3ddb7e8855a6c0b') in 0.046107 seconds 
  Import took 0.053785 seconds .

========================================================================
Received Import Request.
  Time since last request: 0.530795 seconds.
  path: Assets/Art/SBS - Seamless Space Backgrounds - Small 512x512/Small 512x512/Green Nebula/Green Nebula 4 - 512x512.png
  artifactKey: Guid(96e75ac60103984489429e28e5320023) Importer(815301076,1909f56bfc062723c751e8b465ee728b)
Start importing Assets/Art/SBS - Seamless Space Backgrounds - Small 512x512/Small 512x512/Green Nebula/Green Nebula 4 - 512x512.png using Guid(96e75ac60103984489429e28e5320023) Importer(815301076,1909f56bfc062723c751e8b465ee728b)  -> (artifact id: 'dc5491ec84bf999e04f8e99682feb707') in 0.043257 seconds 
  Import took 0.051030 seconds .

========================================================================
Received Import Request.
  Time since last request: 2.948796 seconds.
  path: Assets/Art/SBS - Seamless Space Backgrounds - Small 512x512/Small 512x512/Purple Nebula/Purple Nebula 1 - 512x512.png
  artifactKey: Guid(fd2802344725dc04cae788623025f3ed) Importer(815301076,1909f56bfc062723c751e8b465ee728b)
Start importing Assets/Art/SBS - Seamless Space Backgrounds - Small 512x512/Small 512x512/Purple Nebula/Purple Nebula 1 - 512x512.png using Guid(fd2802344725dc04cae788623025f3ed) Importer(815301076,1909f56bfc062723c751e8b465ee728b)  -> (artifact id: 'c3688273bb5761de611d3058a2a99146') in 0.051745 seconds 
  Import took 0.060189 seconds .

========================================================================
Received Import Request.
  Time since last request: 0.660537 seconds.
  path: Assets/Art/SBS - Seamless Space Backgrounds - Small 512x512/Small 512x512/Purple Nebula/Purple Nebula 8 - 512x512.png
  artifactKey: Guid(e69fc0fcfeadd1343ade06b8f7b774f4) Importer(815301076,1909f56bfc062723c751e8b465ee728b)
Start importing Assets/Art/SBS - Seamless Space Backgrounds - Small 512x512/Small 512x512/Purple Nebula/Purple Nebula 8 - 512x512.png using Guid(e69fc0fcfeadd1343ade06b8f7b774f4) Importer(815301076,1909f56bfc062723c751e8b465ee728b)  -> (artifact id: 'ee0abb949d92e6225b41ec937857796a') in 0.069780 seconds 
  Import took 0.080120 seconds .

========================================================================
Received Import Request.
  Time since last request: 0.514845 seconds.
  path: Assets/Art/SBS - Seamless Space Backgrounds - Small 512x512/Small 512x512/Purple Nebula/Purple Nebula 6 - 512x512.png
  artifactKey: Guid(968f674056c8a7f4283a04592a4c6096) Importer(815301076,1909f56bfc062723c751e8b465ee728b)
Start importing Assets/Art/SBS - Seamless Space Backgrounds - Small 512x512/Small 512x512/Purple Nebula/Purple Nebula 6 - 512x512.png using Guid(968f674056c8a7f4283a04592a4c6096) Importer(815301076,1909f56bfc062723c751e8b465ee728b)  -> (artifact id: '1c4458233057a568e3901e0691c2b729') in 0.052936 seconds 
  Import took 0.061851 seconds .

========================================================================
Received Import Request.
  Time since last request: 0.639440 seconds.
  path: Assets/Art/SBS - Seamless Space Backgrounds - Small 512x512/Small 512x512/Purple Nebula/Purple Nebula 5 - 512x512.png
  artifactKey: Guid(16b2b1806ba5aea42932c14a24f814bd) Importer(815301076,1909f56bfc062723c751e8b465ee728b)
Start importing Assets/Art/SBS - Seamless Space Backgrounds - Small 512x512/Small 512x512/Purple Nebula/Purple Nebula 5 - 512x512.png using Guid(16b2b1806ba5aea42932c14a24f814bd) Importer(815301076,1909f56bfc062723c751e8b465ee728b)  -> (artifact id: '658f1b67407b505e7fb61c6e17b44408') in 0.043033 seconds 
  Import took 0.050801 seconds .

========================================================================
Received Import Request.
  Time since last request: 208.069507 seconds.
  path: Assets/Art/SBS - Seamless Space Backgrounds - Small 512x512
  artifactKey: Guid(27aa789f182e7a642b7910151382e5cc) Importer(815301076,1909f56bfc062723c751e8b465ee728b)
Start importing Assets/Art/SBS - Seamless Space Backgrounds - Small 512x512 using Guid(27aa789f182e7a642b7910151382e5cc) Importer(815301076,1909f56bfc062723c751e8b465ee728b)  -> (artifact id: '4d42b654d9c8374f7a19f4f7b9cdc7b5') in 0.039758 seconds 
  Import took 0.054206 seconds .

========================================================================
Received Import Request.
  Time since last request: 2.260108 seconds.
  path: Assets/Art/UI Elements
  artifactKey: Guid(e901daa7b2439304bb07cf12cbfffac2) Importer(815301076,1909f56bfc062723c751e8b465ee728b)
Start importing Assets/Art/UI Elements using Guid(e901daa7b2439304bb07cf12cbfffac2) Importer(815301076,1909f56bfc062723c751e8b465ee728b)  -> (artifact id: 'd272992d4822820fe5987b417e2cb974') in 0.017483 seconds 
  Import took 0.025497 seconds .

========================================================================
Received Import Request.
  Time since last request: 13.649421 seconds.
  path: Assets/Art/SBS - Seamless Space Backgrounds - Small 512x512/Small 512x512/Purple Nebula/Purple Nebula 7 - 512x512.png
  artifactKey: Guid(2ae2d6a9ecac805408be485655a6bb50) Importer(815301076,1909f56bfc062723c751e8b465ee728b)
Start importing Assets/Art/SBS - Seamless Space Backgrounds - Small 512x512/Small 512x512/Purple Nebula/Purple Nebula 7 - 512x512.png using Guid(2ae2d6a9ecac805408be485655a6bb50) Importer(815301076,1909f56bfc062723c751e8b465ee728b)  -> (artifact id: 'c53ab76cb09a45de7dd5a870eb37a949') in 0.050292 seconds 
  Import took 0.058353 seconds .

========================================================================
Received Import Request.
  Time since last request: 3.887796 seconds.
  path: Assets/Art/SBS - Seamless Space Backgrounds - Small 512x512/Small 512x512/Purple Nebula/Purple Nebula 4 - 512x512.png
  artifactKey: Guid(bce36e55e63b4424d92de97541497262) Importer(815301076,1909f56bfc062723c751e8b465ee728b)
Start importing Assets/Art/SBS - Seamless Space Backgrounds - Small 512x512/Small 512x512/Purple Nebula/Purple Nebula 4 - 512x512.png using Guid(bce36e55e63b4424d92de97541497262) Importer(815301076,1909f56bfc062723c751e8b465ee728b)  -> (artifact id: '2d37a6994510fb19dfedbd4bdc257f1a') in 0.046593 seconds 
  Import took 0.054630 seconds .

========================================================================
Received Import Request.
  Time since last request: 32.054692 seconds.
  path: Assets/Art/UI Elements/Fonts/far-from-homecoming/Far-From Homecoming Updated.otf
  artifactKey: Guid(937398cf84751d549b33cda066c38e22) Importer(815301076,1909f56bfc062723c751e8b465ee728b)
Start importing Assets/Art/UI Elements/Fonts/far-from-homecoming/Far-From Homecoming Updated.otf using Guid(937398cf84751d549b33cda066c38e22) Importer(815301076,1909f56bfc062723c751e8b465ee728b)  -> (artifact id: '0d76ef4b1f5065c1d2376a5955d09f1c') in 0.504890 seconds 
  Import took 0.513259 seconds .

========================================================================
Received Import Request.
  Time since last request: 0.000665 seconds.
  path: Assets/Art/UI Elements/Fonts/manaspc/manaspc.ttf
  artifactKey: Guid(2c7cc4c3cc08ca44ebdd6f1571de0373) Importer(815301076,1909f56bfc062723c751e8b465ee728b)
Start importing Assets/Art/UI Elements/Fonts/manaspc/manaspc.ttf using Guid(2c7cc4c3cc08ca44ebdd6f1571de0373) Importer(815301076,1909f56bfc062723c751e8b465ee728b)  -> (artifact id: 'ec96937c28cf1e36cbefc89d4df1986e') in 0.061517 seconds 
  Import took 0.075576 seconds .

========================================================================
Received Import Request.
  Time since last request: 0.000709 seconds.
  path: Assets/Art/UI Elements/Fonts/seriesorbit/SERIO___.TTF
  artifactKey: Guid(337b6170ce4158543b504fc73fb99dd8) Importer(815301076,1909f56bfc062723c751e8b465ee728b)
Start importing Assets/Art/UI Elements/Fonts/seriesorbit/SERIO___.TTF using Guid(337b6170ce4158543b504fc73fb99dd8) Importer(815301076,1909f56bfc062723c751e8b465ee728b)  -> (artifact id: 'bfb00edcf3b1e524091ca8d723486f53') in 0.072427 seconds 
  Import took 0.087519 seconds .

========================================================================
Received Import Request.
  Time since last request: 69.996505 seconds.
  path: Assets/Art/Environment/PixelArtStarshipFleetPackage_TerranFleet_Blue.png
  artifactKey: Guid(f94c010ad0270a84ba51a3602fc470ce) Importer(815301076,1909f56bfc062723c751e8b465ee728b)
Start importing Assets/Art/Environment/PixelArtStarshipFleetPackage_TerranFleet_Blue.png using Guid(f94c010ad0270a84ba51a3602fc470ce) Importer(815301076,1909f56bfc062723c751e8b465ee728b)  -> (artifact id: '066a79ac2648bc51903ea3ce4721c9a1') in 0.076881 seconds 
  Import took 0.088615 seconds .

========================================================================
Received Import Request.
  Time since last request: 3.448005 seconds.
  path: Assets/Art/Environment/PixelArtStarshipFleetPackage_TerranDerelicts.png
  artifactKey: Guid(8dca30f3e0b581c4c8bc02fd0b5077fe) Importer(815301076,1909f56bfc062723c751e8b465ee728b)
Start importing Assets/Art/Environment/PixelArtStarshipFleetPackage_TerranDerelicts.png using Guid(8dca30f3e0b581c4c8bc02fd0b5077fe) Importer(815301076,1909f56bfc062723c751e8b465ee728b)  -> (artifact id: 'ec8b5646a5542ca8541155652d6e4bb4') in 0.046365 seconds 
  Import took 0.054230 seconds .

========================================================================
Received Import Request.
  Time since last request: 2.938875 seconds.
  path: Assets/Art/Environment/pico8_invaders_sprites.png
  artifactKey: Guid(ab5255fc871491a48a39a145c8c7d7b6) Importer(815301076,1909f56bfc062723c751e8b465ee728b)
Start importing Assets/Art/Environment/pico8_invaders_sprites.png using Guid(ab5255fc871491a48a39a145c8c7d7b6) Importer(815301076,1909f56bfc062723c751e8b465ee728b)  -> (artifact id: '27ec27d15bcce3cab52075d6e254ed95') in 0.040824 seconds 
  Import took 0.049136 seconds .

========================================================================
Received Import Request.
  Time since last request: 0.790844 seconds.
  path: Assets/Art/Environment/pico8_invaders_sprites_LARGE.png
  artifactKey: Guid(0b80c7e2b9bb26d4a80ee2face87209c) Importer(815301076,1909f56bfc062723c751e8b465ee728b)
Start importing Assets/Art/Environment/pico8_invaders_sprites_LARGE.png using Guid(0b80c7e2b9bb26d4a80ee2face87209c) Importer(815301076,1909f56bfc062723c751e8b465ee728b)  -> (artifact id: 'f7717c73bd4851ff579341555aadbb68') in 0.042569 seconds 
  Import took 0.050981 seconds .

========================================================================
Received Import Request.
  Time since last request: 0.763270 seconds.
  path: Assets/Art/Environment/pico8_invaders_SPLASH.png
  artifactKey: Guid(3bcbcb55b472b524fa9998e22b65e51f) Importer(815301076,1909f56bfc062723c751e8b465ee728b)
Start importing Assets/Art/Environment/pico8_invaders_SPLASH.png using Guid(3bcbcb55b472b524fa9998e22b65e51f) Importer(815301076,1909f56bfc062723c751e8b465ee728b)  -> (artifact id: '79d260403cc854d7e9504f4acd05089d') in 0.041711 seconds 
  Import took 0.049567 seconds .

========================================================================
Received Import Request.
  Time since last request: 19.515968 seconds.
  path: Assets/Art/Environment/PixelArtStarshipFleetPackage_TerranFleet_Blue.png
  artifactKey: Guid(f94c010ad0270a84ba51a3602fc470ce) Importer(815301076,1909f56bfc062723c751e8b465ee728b)
Start importing Assets/Art/Environment/PixelArtStarshipFleetPackage_TerranFleet_Blue.png using Guid(f94c010ad0270a84ba51a3602fc470ce) Importer(815301076,1909f56bfc062723c751e8b465ee728b)  -> (artifact id: 'ac022e4a02c622e035cb3c15bbfcf58f') in 0.035475 seconds 
  Import took 0.043914 seconds .

========================================================================
Received Import Request.
  Time since last request: 14.422975 seconds.
  path: Assets/Art/Environment/PixelArtStarshipFleetPackage_TerranFleet_Blue.png
  artifactKey: Guid(f94c010ad0270a84ba51a3602fc470ce) Importer(815301076,1909f56bfc062723c751e8b465ee728b)
Start importing Assets/Art/Environment/PixelArtStarshipFleetPackage_TerranFleet_Blue.png using Guid(f94c010ad0270a84ba51a3602fc470ce) Importer(815301076,1909f56bfc062723c751e8b465ee728b)  -> (artifact id: '4503d36c39e887dcac70e1da7632f0f3') in 0.191563 seconds 
  Import took 0.199785 seconds .

========================================================================
Received Import Request.
  Time since last request: 34.133559 seconds.
  path: Assets/Art/Lunar Lander Upload
  artifactKey: Guid(6a9f89479e83b9746ade36b6c217d9d1) Importer(815301076,1909f56bfc062723c751e8b465ee728b)
Start importing Assets/Art/Lunar Lander Upload using Guid(6a9f89479e83b9746ade36b6c217d9d1) Importer(815301076,1909f56bfc062723c751e8b465ee728b)  -> (artifact id: '23d7015a07bbb139cc01a913f4f35fba') in 0.020539 seconds 
  Import took 0.032518 seconds .

========================================================================
Received Import Request.
  Time since last request: 139.731740 seconds.
  path: Assets/Art/Environment/pico8_invaders_sprites_LARGE.png
  artifactKey: Guid(0b80c7e2b9bb26d4a80ee2face87209c) Importer(815301076,1909f56bfc062723c751e8b465ee728b)
Start importing Assets/Art/Environment/pico8_invaders_sprites_LARGE.png using Guid(0b80c7e2b9bb26d4a80ee2face87209c) Importer(815301076,1909f56bfc062723c751e8b465ee728b)  -> (artifact id: 'd73158db7277e89db98543afc88ba0c7') in 0.036311 seconds 
  Import took 0.047186 seconds .

========================================================================
Received Import Request.
  Time since last request: 12.026902 seconds.
  path: Assets/Art/Environment/PASP_TerranFleet_Damaged03.png
  artifactKey: Guid(a2cea4b6b0480934a9b44816873174ee) Importer(815301076,1909f56bfc062723c751e8b465ee728b)
Start importing Assets/Art/Environment/PASP_TerranFleet_Damaged03.png using Guid(a2cea4b6b0480934a9b44816873174ee) Importer(815301076,1909f56bfc062723c751e8b465ee728b)  -> (artifact id: '72db33b4b44d88af03abb8799c8272ab') in 0.061197 seconds 
  Import took 0.071561 seconds .

========================================================================
Received Import Request.
  Time since last request: 3.773872 seconds.
  path: Assets/Art/Environment/PASP_TerranFleet_Damaged02.png
  artifactKey: Guid(1ccc2e4916a6127479a7f76969383e4e) Importer(815301076,1909f56bfc062723c751e8b465ee728b)
Start importing Assets/Art/Environment/PASP_TerranFleet_Damaged02.png using Guid(1ccc2e4916a6127479a7f76969383e4e) Importer(815301076,1909f56bfc062723c751e8b465ee728b)  -> (artifact id: '0094d539d966a9d3d3456b2c6da5ed60') in 0.044114 seconds 
  Import took 0.052370 seconds .

========================================================================
Received Import Request.
  Time since last request: 0.536516 seconds.
  path: Assets/Art/Environment/PASP_TerranFleet_Construction03.png
  artifactKey: Guid(89afd30300326744f82f877b19bef99f) Importer(815301076,1909f56bfc062723c751e8b465ee728b)
Start importing Assets/Art/Environment/PASP_TerranFleet_Construction03.png using Guid(89afd30300326744f82f877b19bef99f) Importer(815301076,1909f56bfc062723c751e8b465ee728b)  -> (artifact id: 'f3245169197ed3c4680bc8ffe244375f') in 0.072200 seconds 
  Import took 0.083955 seconds .

========================================================================
Received Import Request.
  Time since last request: 0.503876 seconds.
  path: Assets/Art/Environment/PASP_TerranFleet_Construction02.png
  artifactKey: Guid(51040578b7812c646afaf05bcf47015c) Importer(815301076,1909f56bfc062723c751e8b465ee728b)
Start importing Assets/Art/Environment/PASP_TerranFleet_Construction02.png using Guid(51040578b7812c646afaf05bcf47015c) Importer(815301076,1909f56bfc062723c751e8b465ee728b)  -> (artifact id: 'e4a88fdeaa5e4bb075ef315e6181d3f6') in 0.041263 seconds 
  Import took 0.049739 seconds .

========================================================================
Received Import Request.
  Time since last request: 0.740071 seconds.
  path: Assets/Art/Environment/BlackBackground.png
  artifactKey: Guid(f70734a85c284da42bec06ccedce9090) Importer(815301076,1909f56bfc062723c751e8b465ee728b)
Start importing Assets/Art/Environment/BlackBackground.png using Guid(f70734a85c284da42bec06ccedce9090) Importer(815301076,1909f56bfc062723c751e8b465ee728b)  -> (artifact id: 'a628ebaed086aaef38d4abcd4207964f') in 0.042158 seconds 
  Import took 0.050016 seconds .

========================================================================
Received Import Request.
  Time since last request: 1.254079 seconds.
  path: Assets/Art/Environment/PASP_TerranFleet_Construction01.png
  artifactKey: Guid(681fb3f6f90cda54db2fe4971f85ca81) Importer(815301076,1909f56bfc062723c751e8b465ee728b)
Start importing Assets/Art/Environment/PASP_TerranFleet_Construction01.png using Guid(681fb3f6f90cda54db2fe4971f85ca81) Importer(815301076,1909f56bfc062723c751e8b465ee728b)  -> (artifact id: 'd88bc75fc953e58d3ba934b19a197d28') in 0.052026 seconds 
  Import took 0.060643 seconds .

========================================================================
Received Import Request.
  Time since last request: 4.421266 seconds.
  path: Assets/Art/Lunar Lander Upload/Moon Background
  artifactKey: Guid(9147cdc4ff0a53f4b8bdca75318a2ac3) Importer(815301076,1909f56bfc062723c751e8b465ee728b)
Start importing Assets/Art/Lunar Lander Upload/Moon Background using Guid(9147cdc4ff0a53f4b8bdca75318a2ac3) Importer(815301076,1909f56bfc062723c751e8b465ee728b)  -> (artifact id: 'e11573bf6728e0b158af4c7f4a77bfc0') in 0.030228 seconds 
  Import took 0.045408 seconds .

========================================================================
Received Import Request.
  Time since last request: 0.611400 seconds.
  path: Assets/Art/Lunar Lander Upload/Ships
  artifactKey: Guid(8109310ad69ed69439e07fde0340b2ab) Importer(815301076,1909f56bfc062723c751e8b465ee728b)
Start importing Assets/Art/Lunar Lander Upload/Ships using Guid(8109310ad69ed69439e07fde0340b2ab) Importer(815301076,1909f56bfc062723c751e8b465ee728b)  -> (artifact id: '3bf35d79352bac1e6361bf815358b658') in 0.017441 seconds 
  Import took 0.026336 seconds .

========================================================================
Received Import Request.
  Time since last request: 0.459428 seconds.
  path: Assets/Art/Lunar Lander Upload/Asset-Sheet-with-transparency.png
  artifactKey: Guid(75d5d7fba2598d24d83cd1e5e63dfd4c) Importer(815301076,1909f56bfc062723c751e8b465ee728b)
Start importing Assets/Art/Lunar Lander Upload/Asset-Sheet-with-transparency.png using Guid(75d5d7fba2598d24d83cd1e5e63dfd4c) Importer(815301076,1909f56bfc062723c751e8b465ee728b)  -> (artifact id: '049d94d2e79c9cb778c096cc4d6c2d6c') in 0.064205 seconds 
  Import took 0.323198 seconds .

========================================================================
Received Import Request.
  Time since last request: 2.215972 seconds.
  path: Assets/Art/Lunar Lander Upload/UI
  artifactKey: Guid(99ecf38709f00cd498f30b045f8f5bfd) Importer(815301076,1909f56bfc062723c751e8b465ee728b)
Start importing Assets/Art/Lunar Lander Upload/UI using Guid(99ecf38709f00cd498f30b045f8f5bfd) Importer(815301076,1909f56bfc062723c751e8b465ee728b)  -> (artifact id: 'e0f0ab0e8eecc51c2b825e7ce99e09bb') in 0.018934 seconds 
  Import took 0.026713 seconds .

========================================================================
Received Import Request.
  Time since last request: 1.715078 seconds.
  path: Assets/Art/Lunar Lander Upload/Asset-Sheet-with-grid.png
  artifactKey: Guid(a4afaf4b3684c2543807c242863070ff) Importer(815301076,1909f56bfc062723c751e8b465ee728b)
Start importing Assets/Art/Lunar Lander Upload/Asset-Sheet-with-grid.png using Guid(a4afaf4b3684c2543807c242863070ff) Importer(815301076,1909f56bfc062723c751e8b465ee728b)  -> (artifact id: '98daac5d78e1e5cee686f612379d7aab') in 0.041083 seconds 
  Import took 0.049008 seconds .

========================================================================
Received Import Request.
  Time since last request: 4.327982 seconds.
  path: Assets/Art/Lunar Lander Upload/Space Background/Asteroids.png
  artifactKey: Guid(09000de36d132cb43817c675ab5eb617) Importer(815301076,1909f56bfc062723c751e8b465ee728b)
Start importing Assets/Art/Lunar Lander Upload/Space Background/Asteroids.png using Guid(09000de36d132cb43817c675ab5eb617) Importer(815301076,1909f56bfc062723c751e8b465ee728b)  -> (artifact id: 'a8bf3cf296c47506570f228a88fa9d07') in 0.040760 seconds 
  Import took 0.048453 seconds .

========================================================================
Received Import Request.
  Time since last request: 0.552337 seconds.
  path: Assets/Art/Lunar Lander Upload/Space Background/Asteroids_Foreground.png
  artifactKey: Guid(0674364bd9b05fb4ab1942d37d6735ba) Importer(815301076,1909f56bfc062723c751e8b465ee728b)
Start importing Assets/Art/Lunar Lander Upload/Space Background/Asteroids_Foreground.png using Guid(0674364bd9b05fb4ab1942d37d6735ba) Importer(815301076,1909f56bfc062723c751e8b465ee728b)  -> (artifact id: '4af87923e59c96f38c52fa64faef5a3c') in 0.044230 seconds 
  Import took 0.051944 seconds .

========================================================================
Received Import Request.
  Time since last request: 0.397824 seconds.
  path: Assets/Art/Lunar Lander Upload/Space Background/debris.png
  artifactKey: Guid(2da0fbc2ac54af644869a74844203542) Importer(815301076,1909f56bfc062723c751e8b465ee728b)
Start importing Assets/Art/Lunar Lander Upload/Space Background/debris.png using Guid(2da0fbc2ac54af644869a74844203542) Importer(815301076,1909f56bfc062723c751e8b465ee728b)  -> (artifact id: '2601a454297436f1921d9f749013b641') in 0.068199 seconds 
  Import took 0.076263 seconds .

========================================================================
Received Import Request.
  Time since last request: 0.510136 seconds.
  path: Assets/Art/Lunar Lander Upload/Space Background/Star_Tiles.png
  artifactKey: Guid(70d0883d7983d4146974e7642b2cbe27) Importer(815301076,1909f56bfc062723c751e8b465ee728b)
Start importing Assets/Art/Lunar Lander Upload/Space Background/Star_Tiles.png using Guid(70d0883d7983d4146974e7642b2cbe27) Importer(815301076,1909f56bfc062723c751e8b465ee728b)  -> (artifact id: '782af0e136f82fa39a4aa69377fd8f92') in 0.071098 seconds 
  Import took 0.083198 seconds .

========================================================================
Received Import Request.
  Time since last request: 3.315482 seconds.
  path: Assets/Art/Lunar Lander Upload/UI/Crew_Icon.png
  artifactKey: Guid(569d84a352d387844a5f6cbb04898526) Importer(815301076,1909f56bfc062723c751e8b465ee728b)
Start importing Assets/Art/Lunar Lander Upload/UI/Crew_Icon.png using Guid(569d84a352d387844a5f6cbb04898526) Importer(815301076,1909f56bfc062723c751e8b465ee728b)  -> (artifact id: 'c44986691738ee896f307ded2d0151a8') in 0.269714 seconds 
  Import took 0.282180 seconds .

========================================================================
Received Import Request.
  Time since last request: 0.433833 seconds.
  path: Assets/Art/Lunar Lander Upload/UI/Crew_Counter.png
  artifactKey: Guid(64926cbc0c0ac514eb1a16263a76ab1d) Importer(815301076,1909f56bfc062723c751e8b465ee728b)
Start importing Assets/Art/Lunar Lander Upload/UI/Crew_Counter.png using Guid(64926cbc0c0ac514eb1a16263a76ab1d) Importer(815301076,1909f56bfc062723c751e8b465ee728b)  -> (artifact id: 'ae6dbb4fb6a603bb52ce14ef78d5141a') in 0.037932 seconds 
  Import took 0.051785 seconds .

========================================================================
Received Import Request.
  Time since last request: 1.722622 seconds.
  path: Assets/Art/Lunar Lander Upload/UI/Radar_Frame.png
  artifactKey: Guid(b8611077f38e0c4469429e7a2cb8ea1b) Importer(815301076,1909f56bfc062723c751e8b465ee728b)
Start importing Assets/Art/Lunar Lander Upload/UI/Radar_Frame.png using Guid(b8611077f38e0c4469429e7a2cb8ea1b) Importer(815301076,1909f56bfc062723c751e8b465ee728b)  -> (artifact id: '6d0d1b84bc6ec19149d88b2bab5333cf') in 0.040676 seconds 
  Import took 0.048980 seconds .

========================================================================
Received Import Request.
  Time since last request: 0.525290 seconds.
  path: Assets/Art/Lunar Lander Upload/UI/Missiles_Icon.png
  artifactKey: Guid(796012064e0beee4a9ac89878a8afddb) Importer(815301076,1909f56bfc062723c751e8b465ee728b)
Start importing Assets/Art/Lunar Lander Upload/UI/Missiles_Icon.png using Guid(796012064e0beee4a9ac89878a8afddb) Importer(815301076,1909f56bfc062723c751e8b465ee728b)  -> (artifact id: 'd65f6710b4e764febbc88b5c0871032f') in 0.035302 seconds 
  Import took 0.043423 seconds .

========================================================================
Received Import Request.
  Time since last request: 1.200131 seconds.
  path: Assets/Art/Lunar Lander Upload/UI/Hull_Bar.png
  artifactKey: Guid(455152bb6817d7c47b5d60b080907cc1) Importer(815301076,1909f56bfc062723c751e8b465ee728b)
Start importing Assets/Art/Lunar Lander Upload/UI/Hull_Bar.png using Guid(455152bb6817d7c47b5d60b080907cc1) Importer(815301076,1909f56bfc062723c751e8b465ee728b)  -> (artifact id: 'f9795c0612554d1744d00eb20cbce676') in 0.041791 seconds 
  Import took 0.049612 seconds .

========================================================================
Received Import Request.
  Time since last request: 0.440528 seconds.
  path: Assets/Art/Lunar Lander Upload/UI/Missile_Counter.png
  artifactKey: Guid(d71b772eaeb49d14b969a29069c3d412) Importer(815301076,1909f56bfc062723c751e8b465ee728b)
Start importing Assets/Art/Lunar Lander Upload/UI/Missile_Counter.png using Guid(d71b772eaeb49d14b969a29069c3d412) Importer(815301076,1909f56bfc062723c751e8b465ee728b)  -> (artifact id: 'cd46808a64a3c258943b98ddf6c6880a') in 0.462099 seconds 
  Import took 0.476712 seconds .

========================================================================
Received Import Request.
  Time since last request: 5.105381 seconds.
  path: Assets/Art/Lunar Lander Upload/Ships/Spaceships.png
  artifactKey: Guid(ce1cbe3122f17ec4c84c6941e7c57cf2) Importer(815301076,1909f56bfc062723c751e8b465ee728b)
Start importing Assets/Art/Lunar Lander Upload/Ships/Spaceships.png using Guid(ce1cbe3122f17ec4c84c6941e7c57cf2) Importer(815301076,1909f56bfc062723c751e8b465ee728b)  -> (artifact id: 'c785c20eabf13bf59942337def0300f3') in 0.042546 seconds 
  Import took 0.050575 seconds .

========================================================================
Received Import Request.
  Time since last request: 1.768986 seconds.
  path: Assets/Art/Lunar Lander Upload/Ships/Missiles.png
  artifactKey: Guid(b0fe898ad3f8dc44e9400b88c53eb75e) Importer(815301076,1909f56bfc062723c751e8b465ee728b)
Start importing Assets/Art/Lunar Lander Upload/Ships/Missiles.png using Guid(b0fe898ad3f8dc44e9400b88c53eb75e) Importer(815301076,1909f56bfc062723c751e8b465ee728b)  -> (artifact id: '1f123b1f681457e750f72c18b228cb42') in 0.067040 seconds 
  Import took 0.079398 seconds .

========================================================================
Received Import Request.
  Time since last request: 0.056128 seconds.
  path: Assets/Art/Lunar Lander Upload/Ships/Turrets.png
  artifactKey: Guid(5aabb0449c8cd6a45b2ecd6459e61835) Importer(815301076,1909f56bfc062723c751e8b465ee728b)
Start importing Assets/Art/Lunar Lander Upload/Ships/Turrets.png using Guid(5aabb0449c8cd6a45b2ecd6459e61835) Importer(815301076,1909f56bfc062723c751e8b465ee728b)  -> (artifact id: 'f585e9ddc1a50f442dfe7a82e5f8b7ab') in 0.040836 seconds 
  Import took 0.048904 seconds .

========================================================================
Received Import Request.
  Time since last request: 0.840136 seconds.
  path: Assets/Art/Lunar Lander Upload/Ships/Spaceships_LightMask.png
  artifactKey: Guid(73176fcc1ba5c3d4da6afe22265c1678) Importer(815301076,1909f56bfc062723c751e8b465ee728b)
Start importing Assets/Art/Lunar Lander Upload/Ships/Spaceships_LightMask.png using Guid(73176fcc1ba5c3d4da6afe22265c1678) Importer(815301076,1909f56bfc062723c751e8b465ee728b)  -> (artifact id: '6009a1c5a94315943f2808e8a1e464e4') in 0.040549 seconds 
  Import took 0.048391 seconds .

========================================================================
Received Import Request.
  Time since last request: 4.552422 seconds.
  path: Assets/Art/Lunar Lander Upload/Ships/Tracked_Vehicle.png
  artifactKey: Guid(f5b4f1a0b1763f74295be65447881c1b) Importer(815301076,1909f56bfc062723c751e8b465ee728b)
Start importing Assets/Art/Lunar Lander Upload/Ships/Tracked_Vehicle.png using Guid(f5b4f1a0b1763f74295be65447881c1b) Importer(815301076,1909f56bfc062723c751e8b465ee728b)  -> (artifact id: '087f3fd8fb3d918be69721bdfb07e099') in 0.037607 seconds 
  Import took 0.046724 seconds .

========================================================================
Received Import Request.
  Time since last request: 4.349167 seconds.
  path: Assets/Art/Lunar Lander Upload/Space Background
  artifactKey: Guid(dab3c792069c05e4587021382eb43c86) Importer(815301076,1909f56bfc062723c751e8b465ee728b)
Start importing Assets/Art/Lunar Lander Upload/Space Background using Guid(dab3c792069c05e4587021382eb43c86) Importer(815301076,1909f56bfc062723c751e8b465ee728b)  -> (artifact id: '455c8cd025df214e097cee07a1152cf9') in 0.016357 seconds 
  Import took 0.025284 seconds .

========================================================================
Received Import Request.
  Time since last request: 17.223596 seconds.
  path: Assets/Art/Lunar Lander Upload/Ships/Spaceships.png
  artifactKey: Guid(ce1cbe3122f17ec4c84c6941e7c57cf2) Importer(815301076,1909f56bfc062723c751e8b465ee728b)
Start importing Assets/Art/Lunar Lander Upload/Ships/Spaceships.png using Guid(ce1cbe3122f17ec4c84c6941e7c57cf2) Importer(815301076,1909f56bfc062723c751e8b465ee728b)  -> (artifact id: 'b20545d8e0258ecc1530464ccb17bef6') in 0.029255 seconds 
  Import took 0.038158 seconds .

========================================================================
Received Import Request.
  Time since last request: 4.300192 seconds.
  path: Assets/Art/Lunar Lander Upload/Ships/Spaceships.png
  artifactKey: Guid(ce1cbe3122f17ec4c84c6941e7c57cf2) Importer(815301076,1909f56bfc062723c751e8b465ee728b)
Start importing Assets/Art/Lunar Lander Upload/Ships/Spaceships.png using Guid(ce1cbe3122f17ec4c84c6941e7c57cf2) Importer(815301076,1909f56bfc062723c751e8b465ee728b)  -> (artifact id: '0166bf0f77d8b89965951d7592372e17') in 0.156630 seconds 
  Import took 0.164570 seconds .

========================================================================
Received Import Request.
  Time since last request: 75.025774 seconds.
  path: ProjectSettings/TagManager.asset
  artifactKey: Guid(00000000000000003000000000000000) Importer(815301076,1909f56bfc062723c751e8b465ee728b)
Start importing ProjectSettings/TagManager.asset using Guid(00000000000000003000000000000000) Importer(815301076,1909f56bfc062723c751e8b465ee728b)  -> (artifact id: '95df672b4aaba54310d34c83eef51bb8') in 0.062404 seconds 
  Import took 0.076340 seconds .

========================================================================
Received Import Request.
  Time since last request: 108.613393 seconds.
  path: Assets/Art/Lunar Lander Upload/Moon Tiles
  artifactKey: Guid(42b00955156e51349a2cb1905e6ca1f1) Importer(815301076,1909f56bfc062723c751e8b465ee728b)
Start importing Assets/Art/Lunar Lander Upload/Moon Tiles using Guid(42b00955156e51349a2cb1905e6ca1f1) Importer(815301076,1909f56bfc062723c751e8b465ee728b)  -> (artifact id: '8a4ed77129dd0992986482f3ffe59ef8') in 0.017022 seconds 
  Import took 0.025368 seconds .

========================================================================
Received Import Request.
  Time since last request: 116.032999 seconds.
  path: Assets/Art/Environment/Black_Holes/MoreAccurate_Blackhole.png
  artifactKey: Guid(c68b01210d6bdea4699de6158a3aeca2) Importer(815301076,1909f56bfc062723c751e8b465ee728b)
Start importing Assets/Art/Environment/Black_Holes/MoreAccurate_Blackhole.png using Guid(c68b01210d6bdea4699de6158a3aeca2) Importer(815301076,1909f56bfc062723c751e8b465ee728b)  -> (artifact id: '817d9f180d4c4280cde2fb54f5fcb088') in 0.054768 seconds 
  Import took 0.063515 seconds .

========================================================================
Received Import Request.
  Time since last request: 31.296968 seconds.
  path: Assets/Art/Environment/Black_Holes/Small_Blackhole.png
  artifactKey: Guid(2bb504a88fcd19744bc1d42cf7c10fb9) Importer(815301076,1909f56bfc062723c751e8b465ee728b)
Start importing Assets/Art/Environment/Black_Holes/Small_Blackhole.png using Guid(2bb504a88fcd19744bc1d42cf7c10fb9) Importer(815301076,1909f56bfc062723c751e8b465ee728b)  -> (artifact id: 'ad5ec4b4e9a789ca73ceb67e2875f0f8') in 0.047022 seconds 
  Import took 0.057314 seconds .

========================================================================
Received Import Request.
  Time since last request: 1.480894 seconds.
  path: Assets/Art/Environment/Black_Holes/Big_Blackhole.png
  artifactKey: Guid(6084498359159bc46baa494b24847315) Importer(815301076,1909f56bfc062723c751e8b465ee728b)
Start importing Assets/Art/Environment/Black_Holes/Big_Blackhole.png using Guid(6084498359159bc46baa494b24847315) Importer(815301076,1909f56bfc062723c751e8b465ee728b)  -> (artifact id: 'd36c00fa68dc2ceca09b3ee2e1d58373') in 0.037975 seconds 
  Import took 0.046546 seconds .

========================================================================
Received Import Request.
  Time since last request: 29.278810 seconds.
  path: Assets/Art/Environment/Black_Holes
  artifactKey: Guid(06a127c9c976270478280a890aaaf39d) Importer(815301076,1909f56bfc062723c751e8b465ee728b)
Start importing Assets/Art/Environment/Black_Holes using Guid(06a127c9c976270478280a890aaaf39d) Importer(815301076,1909f56bfc062723c751e8b465ee728b)  -> (artifact id: '4410cb84e9bce1cb7ee52afb50de5126') in 0.025347 seconds 
  Import took 0.035257 seconds .

========================================================================
Received Import Request.
  Time since last request: 20.233683 seconds.
  path: Assets/Art/space_shooter_pack/space_shooter_pack/spaceship shooter music
  artifactKey: Guid(6d208accaac3e3d439d31b7717521eb8) Importer(815301076,1909f56bfc062723c751e8b465ee728b)
Start importing Assets/Art/space_shooter_pack/space_shooter_pack/spaceship shooter music using Guid(6d208accaac3e3d439d31b7717521eb8) Importer(815301076,1909f56bfc062723c751e8b465ee728b)  -> (artifact id: 'cf0b41540ed221a5aa85b9c8219a8c9a') in 0.030048 seconds 
  Import took 0.043054 seconds .

========================================================================
Received Import Request.
  Time since last request: 0.678350 seconds.
  path: Assets/Art/space_shooter_pack/space_shooter_pack/Graphics
  artifactKey: Guid(7846b0eac28a326449b88f561f1f5862) Importer(815301076,1909f56bfc062723c751e8b465ee728b)
Start importing Assets/Art/space_shooter_pack/space_shooter_pack/Graphics using Guid(7846b0eac28a326449b88f561f1f5862) Importer(815301076,1909f56bfc062723c751e8b465ee728b)  -> (artifact id: 'd18ba84188c06d89cd1f530da58d66bf') in 0.032530 seconds 
  Import took 0.045722 seconds .

========================================================================
Received Import Request.
  Time since last request: 2.088360 seconds.
  path: Assets/Art/space_shooter_pack/space_shooter_pack/Graphics/anims
  artifactKey: Guid(b73f8155272c6444683bb0691f3d600f) Importer(815301076,1909f56bfc062723c751e8b465ee728b)
Start importing Assets/Art/space_shooter_pack/space_shooter_pack/Graphics/anims using Guid(b73f8155272c6444683bb0691f3d600f) Importer(815301076,1909f56bfc062723c751e8b465ee728b)  -> (artifact id: '376d4ce4aa4276516f3aa0f3d105f451') in 0.017435 seconds 
  Import took 0.025695 seconds .

========================================================================
Received Import Request.
  Time since last request: 1.608166 seconds.
  path: Assets/Art/space_shooter_pack/space_shooter_pack/Graphics/spritesheets
  artifactKey: Guid(c44181d6f6193bb4ab1d5985f6f1ab8f) Importer(815301076,1909f56bfc062723c751e8b465ee728b)
Start importing Assets/Art/space_shooter_pack/space_shooter_pack/Graphics/spritesheets using Guid(c44181d6f6193bb4ab1d5985f6f1ab8f) Importer(815301076,1909f56bfc062723c751e8b465ee728b)  -> (artifact id: '3164509b8ac641d396023cdd1cceda95') in 0.017186 seconds 
  Import took 0.024916 seconds .

========================================================================
Received Import Request.
  Time since last request: 4.717987 seconds.
  path: Assets/Art/space_shooter_pack/space_shooter_pack/Graphics/anims/enemy-destroyed.gif
  artifactKey: Guid(eaffe5e2957429143a1b8aa861237081) Importer(815301076,1909f56bfc062723c751e8b465ee728b)
Start importing Assets/Art/space_shooter_pack/space_shooter_pack/Graphics/anims/enemy-destroyed.gif using Guid(eaffe5e2957429143a1b8aa861237081) Importer(815301076,1909f56bfc062723c751e8b465ee728b)  -> (artifact id: 'b83dfd1284814ee72846b05967105a01') in 0.047730 seconds 
  Import took 0.055810 seconds .

========================================================================
Received Import Request.
  Time since last request: 0.540567 seconds.
  path: Assets/Art/space_shooter_pack/space_shooter_pack/Graphics/anims/ship-anim.gif
  artifactKey: Guid(dbcb78a20bf0983429833393d6b812b0) Importer(815301076,1909f56bfc062723c751e8b465ee728b)
Start importing Assets/Art/space_shooter_pack/space_shooter_pack/Graphics/anims/ship-anim.gif using Guid(dbcb78a20bf0983429833393d6b812b0) Importer(815301076,1909f56bfc062723c751e8b465ee728b)  -> (artifact id: '58bb5aa4a85de27ab179c4644ee7b076') in 0.042248 seconds 
  Import took 0.050212 seconds .

========================================================================
Received Import Request.
  Time since last request: 2.690407 seconds.
  path: Assets/Art/space_shooter_pack/space_shooter_pack/Graphics/spritesheets/enemy-medium.png
  artifactKey: Guid(5f7e0d45efd130a4cb27111075906a07) Importer(815301076,1909f56bfc062723c751e8b465ee728b)
Start importing Assets/Art/space_shooter_pack/space_shooter_pack/Graphics/spritesheets/enemy-medium.png using Guid(5f7e0d45efd130a4cb27111075906a07) Importer(815301076,1909f56bfc062723c751e8b465ee728b)  -> (artifact id: '2bfd64dc5b422417b0f032b70aa2043c') in 0.047466 seconds 
  Import took 0.058459 seconds .

========================================================================
Received Import Request.
  Time since last request: 1.615787 seconds.
  path: Assets/Art/space_shooter_pack/space_shooter_pack/Graphics/spritesheets/enemy-small.png
  artifactKey: Guid(dde5fc189fdb32a45892523daa9b5a8d) Importer(815301076,1909f56bfc062723c751e8b465ee728b)
Start importing Assets/Art/space_shooter_pack/space_shooter_pack/Graphics/spritesheets/enemy-small.png using Guid(dde5fc189fdb32a45892523daa9b5a8d) Importer(815301076,1909f56bfc062723c751e8b465ee728b)  -> (artifact id: 'ef480209677889e763219cba5d0953a8') in 0.034545 seconds 
  Import took 0.044274 seconds .

========================================================================
Received Import Request.
  Time since last request: 1.288191 seconds.
  path: Assets/Art/space_shooter_pack/space_shooter_pack/Graphics/spritesheets/explosion.png
  artifactKey: Guid(0abbd5a200ad89e409b2992ed5b7265c) Importer(815301076,1909f56bfc062723c751e8b465ee728b)
Start importing Assets/Art/space_shooter_pack/space_shooter_pack/Graphics/spritesheets/explosion.png using Guid(0abbd5a200ad89e409b2992ed5b7265c) Importer(815301076,1909f56bfc062723c751e8b465ee728b)  -> (artifact id: '771047ad91480e15a67c36c51287a351') in 0.035303 seconds 
  Import took 0.045625 seconds .

========================================================================
Received Import Request.
  Time since last request: 0.837944 seconds.
  path: Assets/Art/space_shooter_pack/space_shooter_pack/Graphics/spritesheets/enemy-big.png
  artifactKey: Guid(a0f38bb6e1cdace43b735aae54782cb6) Importer(815301076,1909f56bfc062723c751e8b465ee728b)
Start importing Assets/Art/space_shooter_pack/space_shooter_pack/Graphics/spritesheets/enemy-big.png using Guid(a0f38bb6e1cdace43b735aae54782cb6) Importer(815301076,1909f56bfc062723c751e8b465ee728b)  -> (artifact id: '3bb40756647996a203cac7d5572d629d') in 0.040625 seconds 
  Import took 0.048982 seconds .

========================================================================
Received Import Request.
  Time since last request: 5.716244 seconds.
  path: Assets/Art/space_shooter_pack/space_shooter_pack/Graphics/spritesheets/laser-bolts.png
  artifactKey: Guid(d068755a2bc708545bdc1a9a7416d27b) Importer(815301076,1909f56bfc062723c751e8b465ee728b)
Start importing Assets/Art/space_shooter_pack/space_shooter_pack/Graphics/spritesheets/laser-bolts.png using Guid(d068755a2bc708545bdc1a9a7416d27b) Importer(815301076,1909f56bfc062723c751e8b465ee728b)  -> (artifact id: '0560f18beed58cd373e06db7a8b36e5a') in 0.039280 seconds 
  Import took 0.047902 seconds .

========================================================================
Received Import Request.
  Time since last request: 2.076104 seconds.
  path: Assets/Art/space_shooter_pack/space_shooter_pack/Graphics/spritesheets/power-up.png
  artifactKey: Guid(aca25ad6e93f855488f622eedaa3cfab) Importer(815301076,1909f56bfc062723c751e8b465ee728b)
Start importing Assets/Art/space_shooter_pack/space_shooter_pack/Graphics/spritesheets/power-up.png using Guid(aca25ad6e93f855488f622eedaa3cfab) Importer(815301076,1909f56bfc062723c751e8b465ee728b)  -> (artifact id: '6e1f537c996d28cda1e75b8cd52cd1f7') in 0.038445 seconds 
  Import took 0.046294 seconds .

========================================================================
Received Import Request.
  Time since last request: 0.580397 seconds.
  path: Assets/Art/space_shooter_pack/space_shooter_pack/Graphics/spritesheets/ship.png
  artifactKey: Guid(a33dbb4ec12786540a2c10f6b1ab70f4) Importer(815301076,1909f56bfc062723c751e8b465ee728b)
Start importing Assets/Art/space_shooter_pack/space_shooter_pack/Graphics/spritesheets/ship.png using Guid(a33dbb4ec12786540a2c10f6b1ab70f4) Importer(815301076,1909f56bfc062723c751e8b465ee728b)  -> (artifact id: '0ce51797543e5c1a327f80a39fc952c7') in 0.051047 seconds 
  Import took 0.061846 seconds .

========================================================================
Received Import Request.
  Time since last request: 15.321785 seconds.
  path: Assets/Art/space_shooter_pack/space_shooter_pack/Graphics/spritesheets/enemy-medium.png
  artifactKey: Guid(5f7e0d45efd130a4cb27111075906a07) Importer(815301076,1909f56bfc062723c751e8b465ee728b)
Start importing Assets/Art/space_shooter_pack/space_shooter_pack/Graphics/spritesheets/enemy-medium.png using Guid(5f7e0d45efd130a4cb27111075906a07) Importer(815301076,1909f56bfc062723c751e8b465ee728b)  -> (artifact id: '6bf8cc9f89546eadd3da2f78d9a5e3ec') in 0.046511 seconds 
  Import took 0.061957 seconds .

========================================================================
Received Import Request.
  Time since last request: 13.849433 seconds.
  path: Assets/Art/space_shooter_pack/space_shooter_pack/Graphics/spritesheets/enemy-medium.png
  artifactKey: Guid(5f7e0d45efd130a4cb27111075906a07) Importer(815301076,1909f56bfc062723c751e8b465ee728b)
Start importing Assets/Art/space_shooter_pack/space_shooter_pack/Graphics/spritesheets/enemy-medium.png using Guid(5f7e0d45efd130a4cb27111075906a07) Importer(815301076,1909f56bfc062723c751e8b465ee728b)  -> (artifact id: '1b531bde4e940101fbb2d6793341580b') in 0.033647 seconds 
  Import took 0.042387 seconds .

========================================================================
Received Import Request.
  Time since last request: 3.219358 seconds.
  path: Assets/Art/space_shooter_pack/space_shooter_pack/Graphics/spritesheets/enemy-medium.png
  artifactKey: Guid(5f7e0d45efd130a4cb27111075906a07) Importer(815301076,1909f56bfc062723c751e8b465ee728b)
Start importing Assets/Art/space_shooter_pack/space_shooter_pack/Graphics/spritesheets/enemy-medium.png using Guid(5f7e0d45efd130a4cb27111075906a07) Importer(815301076,1909f56bfc062723c751e8b465ee728b)  -> (artifact id: '55bb40f3ccbc13c100d7ad57e017e35c') in 0.112615 seconds 
  Import took 0.121435 seconds .

========================================================================
Received Import Request.
  Time since last request: 76.231431 seconds.
  path: Assets/Art/Environment/Asteroids/Asteroid_2.png
  artifactKey: Guid(8cd1ce63671ab5f48befe7ba355731fb) Importer(815301076,1909f56bfc062723c751e8b465ee728b)
Start importing Assets/Art/Environment/Asteroids/Asteroid_2.png using Guid(8cd1ce63671ab5f48befe7ba355731fb) Importer(815301076,1909f56bfc062723c751e8b465ee728b)  -> (artifact id: 'dbb0a5909df3f82209af983b193bc6e6') in 0.050934 seconds 
  Import took 0.059357 seconds .

========================================================================
Received Import Request.
  Time since last request: 77.215383 seconds.
  path: Assets/Art/Lunar Lander Upload/Space Background/Asteroids_Foreground.png
  artifactKey: Guid(0674364bd9b05fb4ab1942d37d6735ba) Importer(815301076,1909f56bfc062723c751e8b465ee728b)
Start importing Assets/Art/Lunar Lander Upload/Space Background/Asteroids_Foreground.png using Guid(0674364bd9b05fb4ab1942d37d6735ba) Importer(815301076,1909f56bfc062723c751e8b465ee728b)  -> (artifact id: '8209eba000e6beb0aeeb0d90b0994fff') in 0.072679 seconds 
  Import took 0.084194 seconds .

========================================================================
Received Import Request.
  Time since last request: 5.563705 seconds.
  path: Assets/Art/Lunar Lander Upload/Space Background/Asteroids_Foreground.png
  artifactKey: Guid(0674364bd9b05fb4ab1942d37d6735ba) Importer(815301076,1909f56bfc062723c751e8b465ee728b)
Start importing Assets/Art/Lunar Lander Upload/Space Background/Asteroids_Foreground.png using Guid(0674364bd9b05fb4ab1942d37d6735ba) Importer(815301076,1909f56bfc062723c751e8b465ee728b)  -> (artifact id: 'c12a39045cb0ae6e1f0384334e268201') in 0.067552 seconds 
  Import took 0.077739 seconds .

========================================================================
Received Import Request.
  Time since last request: 62.441141 seconds.
  path: Assets/Art/space_shooter_pack/space_shooter_pack/Graphics/spritesheets/laser-bolts.png
  artifactKey: Guid(d068755a2bc708545bdc1a9a7416d27b) Importer(815301076,1909f56bfc062723c751e8b465ee728b)
Start importing Assets/Art/space_shooter_pack/space_shooter_pack/Graphics/spritesheets/laser-bolts.png using Guid(d068755a2bc708545bdc1a9a7416d27b) Importer(815301076,1909f56bfc062723c751e8b465ee728b)  -> (artifact id: 'f666e774b9127e94b42201a217d0f245') in 0.028887 seconds 
  Import took 0.039291 seconds .

========================================================================
Received Import Request.
  Time since last request: 4.687055 seconds.
  path: Assets/Art/space_shooter_pack/space_shooter_pack/Graphics/spritesheets/laser-bolts.png
  artifactKey: Guid(d068755a2bc708545bdc1a9a7416d27b) Importer(815301076,1909f56bfc062723c751e8b465ee728b)
Start importing Assets/Art/space_shooter_pack/space_shooter_pack/Graphics/spritesheets/laser-bolts.png using Guid(d068755a2bc708545bdc1a9a7416d27b) Importer(815301076,1909f56bfc062723c751e8b465ee728b)  -> (artifact id: '36b3bcf30d1fdb31c2a65cd9dbd06ab4') in 0.105699 seconds 
  Import took 0.114237 seconds .

========================================================================
Received Import Request.
  Time since last request: 469.511941 seconds.
  path: Assets/Art/Environment/Planets
  artifactKey: Guid(0a13c2dd996542047ac8e9d9aab635db) Importer(815301076,1909f56bfc062723c751e8b465ee728b)
Start importing Assets/Art/Environment/Planets using Guid(0a13c2dd996542047ac8e9d9aab635db) Importer(815301076,1909f56bfc062723c751e8b465ee728b)  -> (artifact id: '353946de9c91ffdae0da46d0c6583da1') in 0.021430 seconds 
  Import took 0.031240 seconds .

========================================================================
Received Import Request.
  Time since last request: 12.562392 seconds.
  path: Assets/Art/SBS - Seamless Space Backgrounds - Small 512x512/Small 512x512/Purple Nebula/Purple Nebula 2 - 512x512.png
  artifactKey: Guid(2e38e513de3e39f4a96eda729e60fe60) Importer(815301076,1909f56bfc062723c751e8b465ee728b)
Start importing Assets/Art/SBS - Seamless Space Backgrounds - Small 512x512/Small 512x512/Purple Nebula/Purple Nebula 2 - 512x512.png using Guid(2e38e513de3e39f4a96eda729e60fe60) Importer(815301076,1909f56bfc062723c751e8b465ee728b)  -> (artifact id: '5e0eb57583384464e5b87f60af706bf7') in 0.147805 seconds 
  Import took 0.156336 seconds .

========================================================================
Received Import Request.
  Time since last request: 0.567749 seconds.
  path: Assets/Art/SBS - Seamless Space Backgrounds - Small 512x512/Small 512x512/Purple Nebula/Purple Nebula 3 - 512x512.png
  artifactKey: Guid(0ec644d620992be48b1de9348b6042e9) Importer(815301076,1909f56bfc062723c751e8b465ee728b)
Start importing Assets/Art/SBS - Seamless Space Backgrounds - Small 512x512/Small 512x512/Purple Nebula/Purple Nebula 3 - 512x512.png using Guid(0ec644d620992be48b1de9348b6042e9) Importer(815301076,1909f56bfc062723c751e8b465ee728b)  -> (artifact id: 'de4865ec679d324a8e7fc0af0320f5bd') in 0.137991 seconds 
  Import took 0.149873 seconds .

========================================================================
Received Import Request.
  Time since last request: 9.450950 seconds.
  path: Assets/Art/SBS - Seamless Space Backgrounds - Small 512x512/Small 512x512/Green Nebula/Green Nebula 7 - 512x512.png
  artifactKey: Guid(1655e946a5df4e34592f5610f87f89a6) Importer(815301076,1909f56bfc062723c751e8b465ee728b)
Start importing Assets/Art/SBS - Seamless Space Backgrounds - Small 512x512/Small 512x512/Green Nebula/Green Nebula 7 - 512x512.png using Guid(1655e946a5df4e34592f5610f87f89a6) Importer(815301076,1909f56bfc062723c751e8b465ee728b)  -> (artifact id: '9468440550c9d9917a08df474e355b53') in 0.047314 seconds 
  Import took 0.055032 seconds .

========================================================================
Received Import Request.
  Time since last request: 128.287900 seconds.
  path: Assets/Art/SBS - Seamless Space Backgrounds - Small 512x512/Small 512x512/Green Nebula
  artifactKey: Guid(4026e2973dd450f41afb3d7f1bc77113) Importer(815301076,1909f56bfc062723c751e8b465ee728b)
Start importing Assets/Art/SBS - Seamless Space Backgrounds - Small 512x512/Small 512x512/Green Nebula using Guid(4026e2973dd450f41afb3d7f1bc77113) Importer(815301076,1909f56bfc062723c751e8b465ee728b)  -> (artifact id: '402ad8c23dfbdc67b4cc2caa6563073f') in 0.015277 seconds 
  Import took 0.023638 seconds .

========================================================================
Received Prepare
Registering precompiled user dll's ...
Registered in 0.007464 seconds.
Begin MonoManager ReloadAssembly
Native extension for WindowsStandalone target not found
Native extension for OSXStandalone target not found
Native extension for WebGL target not found
Refreshing native plugins compatible for Editor in 1.80 ms, found 3 plugins.
Preloading 0 native plugins for Editor in 0.00 ms.
Mono: successfully reloaded assembly
- Completed reload, in  3.055 seconds
Domain Reload Profiling:
	ReloadAssembly (3058ms)
		BeginReloadAssembly (572ms)
			ExecutionOrderSort (0ms)
			DisableScriptedObjects (27ms)
			BackupInstance (0ms)
			ReleaseScriptingObjects (1ms)
			CreateAndSetChildDomain (229ms)
		EndReloadAssembly (2219ms)
			LoadAssemblies (248ms)
			RebuildTransferFunctionScriptingTraits (0ms)
			SetupTypeCache (792ms)
			ReleaseScriptCaches (2ms)
			RebuildScriptCaches (108ms)
			SetupLoadedEditorAssemblies (823ms)
				LogAssemblyErrors (0ms)
				InitializePlatformSupportModulesInManaged (15ms)
				SetLoadedEditorAssemblies (1ms)
				RefreshPlugins (2ms)
				BeforeProcessingInitializeOnLoad (190ms)
				ProcessInitializeOnLoadAttributes (589ms)
				ProcessInitializeOnLoadMethodAttributes (12ms)
				AfterProcessingInitializeOnLoad (13ms)
				EditorAssembliesLoaded (1ms)
			ExecutionOrderSort2 (0ms)
			AwakeInstancesAfterBackupRestoration (25ms)
Platform modules already initialized, skipping
Refreshing native plugins compatible for Editor in 2.25 ms, found 3 plugins.
Preloading 0 native plugins for Editor in 0.00 ms.
Unloading 2402 Unused Serialized files (Serialized files now loaded: 0)
System memory in use before: 108.0 MB.
System memory in use after: 108.3 MB.

Unloading 16 unused Assets to reduce memory usage. Loaded Objects now: 2994.
Total: 11.304300 ms (FindLiveObjects: 1.084500 ms CreateObjectMapping: 0.408500 ms MarkObjects: 9.730300 ms  DeleteObjects: 0.077500 ms)

AssetImportParameters requested are different than current active one (requested -> active):
  custom:framework-win-MediaFoundation: 216162199b28c13a410421893ffa2e32 -> 
  custom:video-decoder-ogg-theora: a1e56fd34408186e4bbccfd4996cb3dc -> 
  custom:container-muxer-webm: aa71ff27fc2769a1b78a27578f13a17b -> 
  custom:container-demuxer-webm: 4f35f7cbe854078d1ac9338744f61a02 -> 
  custom:container-demuxer-ogg: 62fdf1f143b41e24485cea50d1cbac27 -> 
  custom:video-encoder-webm-vp8: eb34c28f22e8b96e1ab97ce403110664 -> 
  custom:video-codec-MediaFoundation-h265: 746d11721c4dcdbdad8f713fa42b33f4 -> 
  custom:video-decoder-webm-vp8: 9c59270c3fd7afecdb556c50c9e8de78 -> 
  custom:audio-decoder-ogg-vorbis: bf7c407c2cedff20999df2af8eb42d56 -> 
  custom:audio-encoder-webm-vorbis: bf7c407c2cedff20999df2af8eb42d56 -> 
========================================================================
Received Import Request.
  Time since last request: 1143.860866 seconds.
  path: Assets/Audio/Sound Effects/Sound Effects/EnemyExplode.wav
  artifactKey: Guid(013337b7074c32640b54b6f880c9f419) Importer(815301076,1909f56bfc062723c751e8b465ee728b)
Start importing Assets/Audio/Sound Effects/Sound Effects/EnemyExplode.wav using Guid(013337b7074c32640b54b6f880c9f419) Importer(815301076,1909f56bfc062723c751e8b465ee728b)  -> (artifact id: 'a05ac1d5f4812edea3858c8961748b00') in 0.491532 seconds 
  Import took 0.499801 seconds .

========================================================================
Received Import Request.
  Time since last request: 0.000391 seconds.
  path: Assets/Audio/Sound Effects/Sound Effects/EnemyFire.wav
  artifactKey: Guid(90c9af27c6a1be948a5cccf9730a5c61) Importer(815301076,1909f56bfc062723c751e8b465ee728b)
Start importing Assets/Audio/Sound Effects/Sound Effects/EnemyFire.wav using Guid(90c9af27c6a1be948a5cccf9730a5c61) Importer(815301076,1909f56bfc062723c751e8b465ee728b)  -> (artifact id: 'd58690dfa00cb9178c3275e2b19ade44') in 0.037465 seconds 
  Import took 0.045982 seconds .

========================================================================
Received Import Request.
  Time since last request: 0.000415 seconds.
  path: Assets/Audio/Sound Effects/Sound Effects/PlayerExplode.wav
  artifactKey: Guid(07dfbd4ab560947438f2c3cec15e5cce) Importer(815301076,1909f56bfc062723c751e8b465ee728b)
Start importing Assets/Audio/Sound Effects/Sound Effects/PlayerExplode.wav using Guid(07dfbd4ab560947438f2c3cec15e5cce) Importer(815301076,1909f56bfc062723c751e8b465ee728b)  -> (artifact id: '66b21a963e6582f00b68075ec8886a21') in 0.050622 seconds 
  Import took 0.059046 seconds .

========================================================================
Received Import Request.
  Time since last request: 0.000646 seconds.
  path: Assets/Audio/Music/Menu.wav
  artifactKey: Guid(0e8c16ddf47db704ea56bdef23e5044d) Importer(815301076,1909f56bfc062723c751e8b465ee728b)
Start importing Assets/Audio/Music/Menu.wav using Guid(0e8c16ddf47db704ea56bdef23e5044d) Importer(815301076,1909f56bfc062723c751e8b465ee728b)  -> (artifact id: 'b6d9432a880443f3337ba7e7b0644f76') in 0.043605 seconds 
  Import took 0.053887 seconds .

========================================================================
Received Import Request.
  Time since last request: 0.001746 seconds.
  path: Assets/Audio/Sound Effects/Jingles/PauseMenu.wav
  artifactKey: Guid(2ee8db168070cea4bb1ea13a024acce9) Importer(815301076,1909f56bfc062723c751e8b465ee728b)
Start importing Assets/Audio/Sound Effects/Jingles/PauseMenu.wav using Guid(2ee8db168070cea4bb1ea13a024acce9) Importer(815301076,1909f56bfc062723c751e8b465ee728b)  -> (artifact id: '43afea0f2f8f57c2bc0902692fb90a49') in 0.035669 seconds 
  Import took 0.053165 seconds .

========================================================================
Received Import Request.
  Time since last request: 0.000368 seconds.
  path: Assets/Audio/Sound Effects/Jingles/GameOver.wav
  artifactKey: Guid(ade6cecbd2e4a4c4582f5e52be8d85a6) Importer(815301076,1909f56bfc062723c751e8b465ee728b)
Start importing Assets/Audio/Sound Effects/Jingles/GameOver.wav using Guid(ade6cecbd2e4a4c4582f5e52be8d85a6) Importer(815301076,1909f56bfc062723c751e8b465ee728b)  -> (artifact id: 'c264436f327c7cfc42d31061934fc786') in 0.043931 seconds 
  Import took 0.052916 seconds .

========================================================================
Received Import Request.
  Time since last request: 0.000456 seconds.
  path: Assets/Audio/Sound Effects/Jingles/GameWin.wav
  artifactKey: Guid(a5b939b70b55d8e49a1ad02668430984) Importer(815301076,1909f56bfc062723c751e8b465ee728b)
Start importing Assets/Audio/Sound Effects/Jingles/GameWin.wav using Guid(a5b939b70b55d8e49a1ad02668430984) Importer(815301076,1909f56bfc062723c751e8b465ee728b)  -> (artifact id: 'fcc04ac1014dc5bb04919490c10ba6c3') in 0.036920 seconds 
  Import took 0.046396 seconds .

========================================================================
Received Import Request.
  Time since last request: 0.000398 seconds.
  path: Assets/Audio/Sound Effects/Sound Effects/EnemyHit.wav
  artifactKey: Guid(f3b024d14c913d74ba5a66d5e9cb5e55) Importer(815301076,1909f56bfc062723c751e8b465ee728b)
Start importing Assets/Audio/Sound Effects/Sound Effects/EnemyHit.wav using Guid(f3b024d14c913d74ba5a66d5e9cb5e55) Importer(815301076,1909f56bfc062723c751e8b465ee728b)  -> (artifact id: '986feb5427ee151abea4224dc47442bd') in 0.036672 seconds 
  Import took 0.045372 seconds .

========================================================================
Received Import Request.
  Time since last request: 0.616675 seconds.
  path: Assets/Audio/Sound Effects/Sound Effects/PlayerFire.wav
  artifactKey: Guid(2f7ee51cc1e5f3e4fb1b273aa57cf7b4) Importer(815301076,1909f56bfc062723c751e8b465ee728b)
Start importing Assets/Audio/Sound Effects/Sound Effects/PlayerFire.wav using Guid(2f7ee51cc1e5f3e4fb1b273aa57cf7b4) Importer(815301076,1909f56bfc062723c751e8b465ee728b)  -> (artifact id: '16996c37bae17cf73911766e05f78deb') in 0.035616 seconds 
  Import took 0.043987 seconds .

========================================================================
Received Import Request.
  Time since last request: 0.000400 seconds.
  path: Assets/Audio/Music/SongC.wav
  artifactKey: Guid(3a2ce2cc48514564fa06d6f078d52779) Importer(815301076,1909f56bfc062723c751e8b465ee728b)
Start importing Assets/Audio/Music/SongC.wav using Guid(3a2ce2cc48514564fa06d6f078d52779) Importer(815301076,1909f56bfc062723c751e8b465ee728b)  -> (artifact id: 'b3ca3398697897df2a2ecf1d49272196') in 0.038576 seconds 
  Import took 0.046854 seconds .

========================================================================
Received Import Request.
  Time since last request: 0.000476 seconds.
  path: Assets/Audio/Sound Effects/Sound Effects/PlayerHit.wav
  artifactKey: Guid(792618d7eb3d43b45803d6775714eb2d) Importer(815301076,1909f56bfc062723c751e8b465ee728b)
Start importing Assets/Audio/Sound Effects/Sound Effects/PlayerHit.wav using Guid(792618d7eb3d43b45803d6775714eb2d) Importer(815301076,1909f56bfc062723c751e8b465ee728b)  -> (artifact id: 'f7b9adbadf91b5baf7841d0be2362eb6') in 0.042247 seconds 
  Import took 0.051001 seconds .

========================================================================
Received Import Request.
  Time since last request: 0.000403 seconds.
  path: Assets/Audio/Music/SongB.wav
  artifactKey: Guid(a49e291e9e189ca47bf49672d5c292ba) Importer(815301076,1909f56bfc062723c751e8b465ee728b)
Start importing Assets/Audio/Music/SongB.wav using Guid(a49e291e9e189ca47bf49672d5c292ba) Importer(815301076,1909f56bfc062723c751e8b465ee728b)  -> (artifact id: '61b273ec0e391a126c8fefddca65a4ed') in 0.037380 seconds 
  Import took 0.159938 seconds .

========================================================================
Received Import Request.
  Time since last request: 0.000881 seconds.
  path: Assets/Art/space_shooter_pack/space_shooter_pack/spaceship shooter music/spaceship shooter .mp3
  artifactKey: Guid(783d9b007fc5eaf4ba7f8bb19e62a2a7) Importer(815301076,1909f56bfc062723c751e8b465ee728b)
Start importing Assets/Art/space_shooter_pack/space_shooter_pack/spaceship shooter music/spaceship shooter .mp3 using Guid(783d9b007fc5eaf4ba7f8bb19e62a2a7) Importer(815301076,1909f56bfc062723c751e8b465ee728b)  -> (artifact id: '8bfbbf03c2de523b1dbb0fd3d62cd288') in 0.078206 seconds 
  Import took 0.095911 seconds .

========================================================================
Received Import Request.
  Time since last request: 0.000483 seconds.
  path: Assets/Audio/Music/SongA.wav
  artifactKey: Guid(6863f84fb72922c479ebecc849abe751) Importer(815301076,1909f56bfc062723c751e8b465ee728b)
Start importing Assets/Audio/Music/SongA.wav using Guid(6863f84fb72922c479ebecc849abe751) Importer(815301076,1909f56bfc062723c751e8b465ee728b)  -> (artifact id: '2fa1cf13ab6bcff50c90f28e0de2b3c5') in 0.041913 seconds 
  Import took 0.054204 seconds .

========================================================================
Received Import Request.
  Time since last request: 0.036026 seconds.
  path: Assets/Art/space_shooter_pack/space_shooter_pack/spaceship shooter music/spaceship shooter .ogg
  artifactKey: Guid(63d286bb93e82174dbdd05781f4c0f1b) Importer(815301076,1909f56bfc062723c751e8b465ee728b)
Start importing Assets/Art/space_shooter_pack/space_shooter_pack/spaceship shooter music/spaceship shooter .ogg using Guid(63d286bb93e82174dbdd05781f4c0f1b) Importer(815301076,1909f56bfc062723c751e8b465ee728b)  -> (artifact id: '6db4c5af61ef246c24af7e70b460d6e8') in 0.049208 seconds 
  Import took 0.058093 seconds .

========================================================================
Received Import Request.
  Time since last request: 0.000378 seconds.
  path: Assets/Art/space_shooter_pack/space_shooter_pack/spaceship shooter music/spaceship shooter .wav
  artifactKey: Guid(34a78123f78477b42b7ca5bbc00969c0) Importer(815301076,1909f56bfc062723c751e8b465ee728b)
Start importing Assets/Art/space_shooter_pack/space_shooter_pack/spaceship shooter music/spaceship shooter .wav using Guid(34a78123f78477b42b7ca5bbc00969c0) Importer(815301076,1909f56bfc062723c751e8b465ee728b)  -> (artifact id: 'd7ddbe1dd9868e7731f0b5d0fa1bb754') in 0.037888 seconds 
  Import took 0.050462 seconds .

========================================================================
Received Prepare
Registering precompiled user dll's ...
Registered in 0.007147 seconds.
Begin MonoManager ReloadAssembly
Native extension for WindowsStandalone target not found
Native extension for OSXStandalone target not found
Native extension for WebGL target not found
Refreshing native plugins compatible for Editor in 1.71 ms, found 3 plugins.
Preloading 0 native plugins for Editor in 0.00 ms.
Mono: successfully reloaded assembly
- Completed reload, in  2.656 seconds
Domain Reload Profiling:
	ReloadAssembly (2657ms)
		BeginReloadAssembly (250ms)
			ExecutionOrderSort (0ms)
			DisableScriptedObjects (15ms)
			BackupInstance (0ms)
			ReleaseScriptingObjects (0ms)
			CreateAndSetChildDomain (84ms)
		EndReloadAssembly (2254ms)
			LoadAssemblies (214ms)
			RebuildTransferFunctionScriptingTraits (0ms)
			SetupTypeCache (775ms)
			ReleaseScriptCaches (3ms)
			RebuildScriptCaches (113ms)
			SetupLoadedEditorAssemblies (863ms)
				LogAssemblyErrors (0ms)
				InitializePlatformSupportModulesInManaged (15ms)
				SetLoadedEditorAssemblies (1ms)
				RefreshPlugins (2ms)
				BeforeProcessingInitializeOnLoad (199ms)
				ProcessInitializeOnLoadAttributes (560ms)
				ProcessInitializeOnLoadMethodAttributes (54ms)
				AfterProcessingInitializeOnLoad (32ms)
				EditorAssembliesLoaded (0ms)
			ExecutionOrderSort2 (0ms)
			AwakeInstancesAfterBackupRestoration (30ms)
Platform modules already initialized, skipping
Refreshing native plugins compatible for Editor in 1.66 ms, found 3 plugins.
Preloading 0 native plugins for Editor in 0.00 ms.
Unloading 2402 Unused Serialized files (Serialized files now loaded: 0)
System memory in use before: 108.2 MB.
System memory in use after: 108.4 MB.

Unloading 14 unused Assets to reduce memory usage. Loaded Objects now: 3000.
Total: 12.226500 ms (FindLiveObjects: 2.026800 ms CreateObjectMapping: 0.559200 ms MarkObjects: 9.579300 ms  DeleteObjects: 0.057900 ms)

AssetImportParameters requested are different than current active one (requested -> active):
  custom:framework-win-MediaFoundation: 216162199b28c13a410421893ffa2e32 -> 
  custom:video-decoder-ogg-theora: a1e56fd34408186e4bbccfd4996cb3dc -> 
  custom:container-muxer-webm: aa71ff27fc2769a1b78a27578f13a17b -> 
  custom:container-demuxer-webm: 4f35f7cbe854078d1ac9338744f61a02 -> 
  custom:container-demuxer-ogg: 62fdf1f143b41e24485cea50d1cbac27 -> 
  custom:video-encoder-webm-vp8: eb34c28f22e8b96e1ab97ce403110664 -> 
  custom:video-codec-MediaFoundation-h265: 746d11721c4dcdbdad8f713fa42b33f4 -> 
  custom:video-decoder-webm-vp8: 9c59270c3fd7afecdb556c50c9e8de78 -> 
  custom:audio-decoder-ogg-vorbis: bf7c407c2cedff20999df2af8eb42d56 -> 
  custom:audio-encoder-webm-vorbis: bf7c407c2cedff20999df2af8eb42d56 -> 
========================================================================
Received Prepare
Registering precompiled user dll's ...
Registered in 0.006490 seconds.
Begin MonoManager ReloadAssembly
Native extension for WindowsStandalone target not found
Native extension for OSXStandalone target not found
Native extension for WebGL target not found
Refreshing native plugins compatible for Editor in 1.77 ms, found 3 plugins.
Preloading 0 native plugins for Editor in 0.00 ms.
Mono: successfully reloaded assembly
- Completed reload, in  2.663 seconds
Domain Reload Profiling:
	ReloadAssembly (2664ms)
		BeginReloadAssembly (260ms)
			ExecutionOrderSort (0ms)
			DisableScriptedObjects (16ms)
			BackupInstance (0ms)
			ReleaseScriptingObjects (0ms)
			CreateAndSetChildDomain (86ms)
		EndReloadAssembly (2234ms)
			LoadAssemblies (212ms)
			RebuildTransferFunctionScriptingTraits (0ms)
			SetupTypeCache (738ms)
			ReleaseScriptCaches (2ms)
			RebuildScriptCaches (106ms)
			SetupLoadedEditorAssemblies (800ms)
				LogAssemblyErrors (0ms)
				InitializePlatformSupportModulesInManaged (14ms)
				SetLoadedEditorAssemblies (1ms)
				RefreshPlugins (2ms)
				BeforeProcessingInitializeOnLoad (188ms)
				ProcessInitializeOnLoadAttributes (569ms)
				ProcessInitializeOnLoadMethodAttributes (13ms)
				AfterProcessingInitializeOnLoad (13ms)
				EditorAssembliesLoaded (0ms)
			ExecutionOrderSort2 (0ms)
			AwakeInstancesAfterBackupRestoration (24ms)
Platform modules already initialized, skipping
Refreshing native plugins compatible for Editor in 1.69 ms, found 3 plugins.
Preloading 0 native plugins for Editor in 0.00 ms.
Unloading 2402 Unused Serialized files (Serialized files now loaded: 0)
System memory in use before: 108.2 MB.
System memory in use after: 108.4 MB.

Unloading 14 unused Assets to reduce memory usage. Loaded Objects now: 3003.
Total: 8.965700 ms (FindLiveObjects: 0.788300 ms CreateObjectMapping: 0.166800 ms MarkObjects: 7.955000 ms  DeleteObjects: 0.051900 ms)

AssetImportParameters requested are different than current active one (requested -> active):
  custom:framework-win-MediaFoundation: 216162199b28c13a410421893ffa2e32 -> 
  custom:video-decoder-ogg-theora: a1e56fd34408186e4bbccfd4996cb3dc -> 
  custom:container-muxer-webm: aa71ff27fc2769a1b78a27578f13a17b -> 
  custom:container-demuxer-webm: 4f35f7cbe854078d1ac9338744f61a02 -> 
  custom:container-demuxer-ogg: 62fdf1f143b41e24485cea50d1cbac27 -> 
  custom:video-encoder-webm-vp8: eb34c28f22e8b96e1ab97ce403110664 -> 
  custom:video-codec-MediaFoundation-h265: 746d11721c4dcdbdad8f713fa42b33f4 -> 
  custom:video-decoder-webm-vp8: 9c59270c3fd7afecdb556c50c9e8de78 -> 
  custom:audio-decoder-ogg-vorbis: bf7c407c2cedff20999df2af8eb42d56 -> 
  custom:audio-encoder-webm-vorbis: bf7c407c2cedff20999df2af8eb42d56 -> 
AssetImportWorkerClient::OnTransportError - code=2 error=End of file
